Change Component Comment : Designator=L2 Old Comment=0402, Inductor New Comment=5n1
Change Component Comment : Designator=L1 Old Comment=1210 Ferrite New Comment=4u7
Change Component Comment : Designator=C12 Old Comment=C, 0402 New Comment=0p5
Change Component Comment : Designator=C10 Old Comment=C, 0402 New Comment=1u0
Change Component Comment : Designator=C11 Old Comment=C, 0402 New Comment=2p7
Change Component Comment : Designator=C7 Old Comment=C, 0402 New Comment=2u2
Change Component Comment : Designator=C9 Old Comment=C, 0402 New Comment=2u2
Change Component Comment : Designator=C19 Old Comment=C, 0402 New Comment=8p2
Change Component Comment : Designator=C15 Old Comment=C, 0402 New Comment=10p
Change Component Comment : Designator=C17 Old Comment=C, 0402 New Comment=10p
Change Component Comment : Designator=C18 Old Comment=C, 0402 New Comment=15p
Change Component Comment : Designator=C5 Old Comment=C, 0402 New Comment=33p
Change Component Comment : Designator=C1 Old Comment=C, 0402 New Comment=47n
Change Component Comment : Designator=C4 Old Comment=C, 0402 New Comment=47n
Change Component Comment : Designator=C3 Old Comment=C, 0402 New Comment=150n
Change Component Comment : Designator=C6 Old Comment=C, 0402 New Comment=470n
Change Component Comment : Designator=C8 Old Comment=C, 0402 New Comment=470n
Change Component Comment : Designator=C14 Old Comment=C, 0402 New Comment=470n
Change Component Comment : Designator=C13 Old Comment=C, 0402 New Comment=NF
Change Component Comment : Designator=C2 Old Comment=C, 0805 New Comment=47u
Change Component Comment : Designator=C16 Old Comment=C, 0805 New Comment=47u
Change Component Comment : Designator=R 2 Old Comment=R, 0402 New Comment=47k
Change Component Comment : Designator=R 1 Old Comment=R, 0402 New Comment=510
