Added Component: Designator=BAT(HOLDER COIN CELL 20MM SMD)
Added Component: Designator=C1(C0402)
Added Component: Designator=C2(C0805)
Added Component: Designator=C3(C0402)
Added Component: Designator=C4(C0402)
Added Component: Designator=C5(C0402)
Added Component: Designator=C6(C0402)
Added Component: Designator=C7(C0402)
Added Component: Designator=C8(C0402)
Added Component: Designator=C9(C0402)
Added Component: Designator=C10(C0402)
Added Component: Designator=C11(C0402)
Added Component: Designator=C12(C0402)
Added Component: Designator=C13(C0402)
Added Component: Designator=C14(C0402)
Added Component: Designator=C15(C0402)
Added Component: Designator=C16(C0805)
Added Component: Designator=C17(C0402)
Added Component: Designator=C18(C0402)
Added Component: Designator=C19(C0402)
Added Component: Designator=J 1(5Pins Header 1.27x0.8MM)
Added Component: Designator=L1(L1210- Power Inductor)
Added Component: Designator=L2(L0402)
Added Component: Designator=L3(MMZ1005Y152C)
Added Component: Designator=R 1(R0402)
Added Component: Designator=R 2(R0402)
Added Component: Designator=TP 1(TP)
Added Component: Designator=TP 2(TP)
Added Component: Designator=TP 3(TP)
Added Component: Designator=TP 4(TP)
Added Component: Designator=U 1(8-SOIC)
Added Component: Designator=U1(32-lead-QFN-5x5x0.6mm)
Added Component: Designator=X 1(32.7KHZ)
Added Component: Designator=X 2(16Mhz)
Added Pin To Net: NetName=GND Pin=BAT-2
Added Pin To Net: NetName=GND Pin=U 1-1
Added Pin To Net: NetName=GND Pin=U 1-2
Added Pin To Net: NetName=GND Pin=U 1-3
Added Pin To Net: NetName=GND Pin=U 1-4
Added Pin To Net: NetName=GND Pin=U 1-7
Added Pin To Net: NetName=GND Pin=U1-33
Added Pin To Net: NetName=GND Pin=X 2-3
Added Pin To Net: NetName=GND Pin=X 2-4
Added Net: Name=GND
Added Pin To Net: NetName=NetJ 1_1 Pin=J 1-1
Added Pin To Net: NetName=NetJ 1_1 Pin=U1-26
Added Net: Name=NetJ 1_1
Added Pin To Net: NetName=NetJ 1_2 Pin=J 1-2
Added Pin To Net: NetName=NetJ 1_2 Pin=U1-20
Added Net: Name=NetJ 1_2
Added Pin To Net: NetName=NetJ 1_3 Pin=J 1-3
Added Pin To Net: NetName=NetJ 1_3 Pin=U1-22
Added Net: Name=NetJ 1_3
Added Pin To Net: NetName=NetJ 1_4 Pin=J 1-4
Added Pin To Net: NetName=NetJ 1_4 Pin=U1-19
Added Net: Name=NetJ 1_4
Added Pin To Net: NetName=NetJ 1_5 Pin=J 1-5
Added Pin To Net: NetName=NetJ 1_5 Pin=U1-18
Added Net: Name=NetJ 1_5
Added Pin To Net: NetName=NetTP 3_1 Pin=TP 3-1
Added Pin To Net: NetName=NetTP 3_1 Pin=U1-5
Added Pin To Net: NetName=NetTP 3_1 Pin=U1-30
Added Net: Name=NetTP 3_1
Added Pin To Net: NetName=NetU1_2 Pin=U1-2
Added Pin To Net: NetName=NetU1_2 Pin=X 1-1
Added Net: Name=NetU1_2
Added Pin To Net: NetName=NetU1_3 Pin=U1-3
Added Pin To Net: NetName=NetU1_3 Pin=X 1-4
Added Net: Name=NetU1_3
Added Pin To Net: NetName=NetU 1_5 Pin=U 1-5
Added Pin To Net: NetName=NetU 1_5 Pin=U1-29
Added Net: Name=NetU 1_5
Added Pin To Net: NetName=NetU 1_6 Pin=U 1-6
Added Pin To Net: NetName=NetU 1_6 Pin=U1-28
Added Net: Name=NetU 1_6
Added Pin To Net: NetName=NetU 1_8 Pin=U 1-8
Added Pin To Net: NetName=NetU 1_8 Pin=U1-27
Added Net: Name=NetU 1_8
Added Pin To Net: NetName=NetU1_9 Pin=U1-9
Added Pin To Net: NetName=NetU1_9 Pin=X 2-1
Added Net: Name=NetU1_9
Added Pin To Net: NetName=NetU1_10 Pin=U1-10
Added Pin To Net: NetName=NetU1_10 Pin=X 2-2
Added Net: Name=NetU1_10
Added Pin To Net: NetName=VBAT Pin=BAT-1
Added Pin To Net: NetName=VBAT Pin=BAT-3
Added Pin To Net: NetName=VBAT Pin=TP 1-1
Added Pin To Net: NetName=VBAT Pin=TP 2-1
Added Pin To Net: NetName=VBAT Pin=U1-21
Added Pin To Net: NetName=VBAT Pin=U1-32
Added Net: Name=VBAT
Added Pin To Net: NetName=VDD_REG_IN Pin=TP 4-1
Added Pin To Net: NetName=VDD_REG_IN Pin=U1-6
Added Net: Name=VDD_REG_IN
