Change Component Comment : Designator=R 2 Old Comment=47k New Comment=R, 0402
Change Component Library : Designator=C1 Old Library=Schlib_Ceresense_4-4.SchLib New Library=Schlib_GenericNode_1.SchLib
Change Component Library : Designator=C2 Old Library=Schlib_Ceresense_4-4.SchLib New Library=Schlib_GenericNode_1.SchLib
Change Component Library : Designator=C3 Old Library=Schlib_Ceresense_4-4.SchLib New Library=Schlib_GenericNode_1.SchLib
Change Component Library : Designator=C4 Old Library=Schlib_Ceresense_4-4.SchLib New Library=Schlib_GenericNode_1.SchLib
Change Component Library : Designator=C5 Old Library=Schlib_Ceresense_4-4.SchLib New Library=Schlib_GenericNode_1.SchLib
Change Component Library : Designator=C6 Old Library=Schlib_Ceresense_4-4.SchLib New Library=Schlib_GenericNode_1.SchLib
Change Component Library : Designator=C7 Old Library=Schlib_Ceresense_4-4.SchLib New Library=Schlib_GenericNode_1.SchLib
Change Component Library : Designator=C8 Old Library=Schlib_Ceresense_4-4.SchLib New Library=Schlib_GenericNode_1.SchLib
Change Component Library : Designator=C9 Old Library=Schlib_Ceresense_4-4.SchLib New Library=Schlib_GenericNode_1.SchLib
Change Component Library : Designator=C10 Old Library=Schlib_Ceresense_4-4.SchLib New Library=Schlib_GenericNode_1.SchLib
Change Component Library : Designator=C11 Old Library=Schlib_Ceresense_4-4.SchLib New Library=Schlib_GenericNode_1.SchLib
Change Component Library : Designator=C12 Old Library=Schlib_Ceresense_4-4.SchLib New Library=Schlib_GenericNode_1.SchLib
Change Component Library : Designator=C13 Old Library=Schlib_Ceresense_4-4.SchLib New Library=Schlib_GenericNode_1.SchLib
Change Component Library : Designator=C14 Old Library=Schlib_Ceresense_4-4.SchLib New Library=Schlib_GenericNode_1.SchLib
Change Component Library : Designator=C15 Old Library=Schlib_Ceresense_4-4.SchLib New Library=Schlib_GenericNode_1.SchLib
Change Component Library : Designator=C16 Old Library=Schlib_Ceresense_4-4.SchLib New Library=Schlib_GenericNode_1.SchLib
Change Component Library : Designator=C17 Old Library=Schlib_Ceresense_4-4.SchLib New Library=Schlib_GenericNode_1.SchLib
Change Component Library : Designator=C18 Old Library=Schlib_Ceresense_4-4.SchLib New Library=Schlib_GenericNode_1.SchLib
Change Component Library : Designator=C19 Old Library=Schlib_Ceresense_4-4.SchLib New Library=Schlib_GenericNode_1.SchLib
Change Component Library : Designator=R 1 Old Library=Schlib_Ceresense_4-4.SchLib New Library=Schlib_GenericNode_1.SchLib
Change Component Library : Designator=R 2 Old Library=Schlib_Ceresense_4-4.SchLib New Library=Schlib_GenericNode_1.SchLib
Added Pin To Net: NetName=VBAT Pin=C1-1
Added Pin To Net: NetName=GND Pin=C1-2
Added Pin To Net: NetName=VBAT Pin=C2-1
Added Pin To Net: NetName=GND Pin=C2-2
Added Pin To Net: NetName=GND Pin=C3-1
Added Pin To Net: NetName=NetTP 3_1 Pin=C3-2
Added Pin To Net: NetName=GND Pin=C4-1
Added Pin To Net: NetName=VBAT Pin=C4-2
Added Pin To Net: NetName=GND Pin=C5-1
Added Pin To Net: NetName=GND Pin=C6-1
Added Pin To Net: NetName=NetTP 3_1 Pin=C6-2
Added Pin To Net: NetName=GND Pin=C7-1
Added Pin To Net: NetName=VDD_REG_IN Pin=C7-2
Added Pin To Net: NetName=GND Pin=C8-1
Added Pin To Net: NetName=VDD_REG_IN Pin=C8-2
Added Pin To Net: NetName=GND Pin=C9-1
Added Pin To Net: NetName=VBAT Pin=C9-2
Added Pin To Net: NetName=GND Pin=C10-1
Added Pin To Net: NetName=GND Pin=C11-1
Added Pin To Net: NetName=GND Pin=C12-1
Added Pin To Net: NetName=GND Pin=C13-1
Added Pin To Net: NetName=GND Pin=C14-1
Added Pin To Net: NetName=GND Pin=C15-1
Added Pin To Net: NetName=VBAT Pin=C16-1
Added Pin To Net: NetName=GND Pin=C16-2
Added Pin To Net: NetName=GND Pin=C17-1
Added Pin To Net: NetName=GND Pin=C18-1
Added Pin To Net: NetName=GND Pin=C19-1
Added Pin To Net: NetName=GND Pin=R 1-2
Added Pin To Net: NetName=NetJ 1_1 Pin=R 2-1
Added Pin To Net: NetName=GND Pin=R 2-2
Change Net Name : Old Net Name=NetTP 3_1 New Net Name=NetC3_2
Added Pin To Net: NetName=ANTENNA Pin=C13-2
Added Net: Name=ANTENNA
Added Pin To Net: NetName=NetC5_2 Pin=C5-2
Added Pin To Net: NetName=NetC5_2 Pin=L3-1
Added Pin To Net: NetName=NetC5_2 Pin=U1-1
Added Net: Name=NetC5_2
Added Pin To Net: NetName=NetC10_2 Pin=C10-2
Added Pin To Net: NetName=NetC10_2 Pin=U 1-8
Added Pin To Net: NetName=NetC10_2 Pin=U1-27
Added Net: Name=NetC10_2
Added Pin To Net: NetName=NetC11_2 Pin=C11-2
Added Pin To Net: NetName=NetC11_2 Pin=C12-2
Added Pin To Net: NetName=NetC11_2 Pin=U1-7
Added Net: Name=NetC11_2
Added Pin To Net: NetName=NetC14_2 Pin=C14-2
Added Pin To Net: NetName=NetC14_2 Pin=U1-8
Added Net: Name=NetC14_2
Added Pin To Net: NetName=NetC15_2 Pin=C15-2
Added Pin To Net: NetName=NetC15_2 Pin=U1-2
Added Pin To Net: NetName=NetC15_2 Pin=X 1-1
Added Net: Name=NetC15_2
Added Pin To Net: NetName=NetC17_2 Pin=C17-2
Added Pin To Net: NetName=NetC17_2 Pin=U1-3
Added Pin To Net: NetName=NetC17_2 Pin=X 1-4
Added Net: Name=NetC17_2
Added Pin To Net: NetName=NetC18_2 Pin=C18-2
Added Pin To Net: NetName=NetC18_2 Pin=U1-9
Added Pin To Net: NetName=NetC18_2 Pin=X 2-1
Added Net: Name=NetC18_2
Added Pin To Net: NetName=NetC19_2 Pin=C19-2
Added Pin To Net: NetName=NetC19_2 Pin=U1-10
Added Pin To Net: NetName=NetC19_2 Pin=X 2-2
Added Net: Name=NetC19_2
Added Pin To Net: NetName=NetR 1_1 Pin=R 1-1
Added Pin To Net: NetName=NetR 1_1 Pin=U1-4
Added Net: Name=NetR 1_1
