Replace Part BAT HOLDER COIN CELL 20MM SMD in Z:\Desktop\Dropbox\My Projects\Embedded Systems\GenericNodeV1\Schematic_GenericNode_1.SchDoc with HOLDER COIN CELL 20MM SMD from Schlib_Ceresense_4-4.SchLib
Replace Part C2 C, 0805 in Z:\Desktop\Dropbox\My Projects\Embedded Systems\GenericNodeV1\Schematic_GenericNode_1.SchDoc with C, 0805 from Schlib_Ceresense_4-4.SchLib
Replace Part C4 C, 0402 in Z:\Desktop\Dropbox\My Projects\Embedded Systems\GenericNodeV1\Schematic_GenericNode_1.SchDoc with C, 0402 from Schlib_Ceresense_4-4.SchLib
Replace Part C5 C, 0402 in Z:\Desktop\Dropbox\My Projects\Embedded Systems\GenericNodeV1\Schematic_GenericNode_1.SchDoc with C, 0402 from Schlib_Ceresense_4-4.SchLib
Replace Part C16 C, 0805 in Z:\Desktop\Dropbox\My Projects\Embedded Systems\GenericNodeV1\Schematic_GenericNode_1.SchDoc with C, 0805 from Schlib_Ceresense_4-4.SchLib
Replace Part C? C, 0402 in Z:\Desktop\Dropbox\My Projects\Embedded Systems\GenericNodeV1\Schematic_GenericNode_1.SchDoc with C, 0402 from Schlib_Ceresense_4-4.SchLib
Replace Part C? C, 0402 in Z:\Desktop\Dropbox\My Projects\Embedded Systems\GenericNodeV1\Schematic_GenericNode_1.SchDoc with C, 0402 from Schlib_Ceresense_4-4.SchLib
Replace Part C? C, 0402 in Z:\Desktop\Dropbox\My Projects\Embedded Systems\GenericNodeV1\Schematic_GenericNode_1.SchDoc with C, 0402 from Schlib_Ceresense_4-4.SchLib
Replace Part C? C, 0402 in Z:\Desktop\Dropbox\My Projects\Embedded Systems\GenericNodeV1\Schematic_GenericNode_1.SchDoc with C, 0402 from Schlib_Ceresense_4-4.SchLib
Replace Part C? C, 0402 in Z:\Desktop\Dropbox\My Projects\Embedded Systems\GenericNodeV1\Schematic_GenericNode_1.SchDoc with C, 0402 from Schlib_Ceresense_4-4.SchLib
Replace Part C? C, 0402 in Z:\Desktop\Dropbox\My Projects\Embedded Systems\GenericNodeV1\Schematic_GenericNode_1.SchDoc with C, 0402 from Schlib_Ceresense_4-4.SchLib
Replace Part C? C, 0402 in Z:\Desktop\Dropbox\My Projects\Embedded Systems\GenericNodeV1\Schematic_GenericNode_1.SchDoc with C, 0402 from Schlib_Ceresense_4-4.SchLib
Replace Part C? C, 0402 in Z:\Desktop\Dropbox\My Projects\Embedded Systems\GenericNodeV1\Schematic_GenericNode_1.SchDoc with C, 0402 from Schlib_Ceresense_4-4.SchLib
Replace Part C? C, 0402 in Z:\Desktop\Dropbox\My Projects\Embedded Systems\GenericNodeV1\Schematic_GenericNode_1.SchDoc with C, 0402 from Schlib_Ceresense_4-4.SchLib
Replace Part C? C, 0402 in Z:\Desktop\Dropbox\My Projects\Embedded Systems\GenericNodeV1\Schematic_GenericNode_1.SchDoc with C, 0402 from Schlib_Ceresense_4-4.SchLib
Replace Part C? C, 0402 in Z:\Desktop\Dropbox\My Projects\Embedded Systems\GenericNodeV1\Schematic_GenericNode_1.SchDoc with C, 0402 from Schlib_Ceresense_4-4.SchLib
Replace Part C? C, 0402 in Z:\Desktop\Dropbox\My Projects\Embedded Systems\GenericNodeV1\Schematic_GenericNode_1.SchDoc with C, 0402 from Schlib_Ceresense_4-4.SchLib
Replace Part C? C, 0402 in Z:\Desktop\Dropbox\My Projects\Embedded Systems\GenericNodeV1\Schematic_GenericNode_1.SchDoc with C, 0402 from Schlib_Ceresense_4-4.SchLib
Replace Part C? C, 0402 in Z:\Desktop\Dropbox\My Projects\Embedded Systems\GenericNodeV1\Schematic_GenericNode_1.SchDoc with C, 0402 from Schlib_Ceresense_4-4.SchLib
Replace Part C? C, 0402 in Z:\Desktop\Dropbox\My Projects\Embedded Systems\GenericNodeV1\Schematic_GenericNode_1.SchDoc with C, 0402 from Schlib_Ceresense_4-4.SchLib
Replace Part J ? ISP Header in Z:\Desktop\Dropbox\My Projects\Embedded Systems\GenericNodeV1\Schematic_GenericNode_1.SchDoc with ISP Header from Schlib_Ceresense_4-4.SchLib
Replace Part L1 1210 Ferrite in Z:\Desktop\Dropbox\My Projects\Embedded Systems\GenericNodeV1\Schematic_GenericNode_1.SchDoc with 1210 Ferrite from Schlib_Ceresense_4-4.SchLib
Replace Part L3 MMZ1005Y152C in Z:\Desktop\Dropbox\My Projects\Embedded Systems\GenericNodeV1\Schematic_GenericNode_1.SchDoc with MMZ1005Y152C from Schlib_Ceresense_4-4.SchLib
Replace Part L? 0402, Inductor in Z:\Desktop\Dropbox\My Projects\Embedded Systems\GenericNodeV1\Schematic_GenericNode_1.SchDoc with 0402, Inductor from Schlib_Ceresense_4-4.SchLib
Replace Part R ? R, 0402 in Z:\Desktop\Dropbox\My Projects\Embedded Systems\GenericNodeV1\Schematic_GenericNode_1.SchDoc with R, 0402 from Schlib_Ceresense_4-4.SchLib
Replace Part R ? R, 0402 in Z:\Desktop\Dropbox\My Projects\Embedded Systems\GenericNodeV1\Schematic_GenericNode_1.SchDoc with R, 0402 from Schlib_Ceresense_4-4.SchLib
Replace Part TP ? Test Point in Z:\Desktop\Dropbox\My Projects\Embedded Systems\GenericNodeV1\Schematic_GenericNode_1.SchDoc with Test Point from Schlib_Ceresense_4-4.SchLib
Replace Part TP ? Test Point in Z:\Desktop\Dropbox\My Projects\Embedded Systems\GenericNodeV1\Schematic_GenericNode_1.SchDoc with Test Point from Schlib_Ceresense_4-4.SchLib
Replace Part TP ? Test Point in Z:\Desktop\Dropbox\My Projects\Embedded Systems\GenericNodeV1\Schematic_GenericNode_1.SchDoc with Test Point from Schlib_Ceresense_4-4.SchLib
Replace Part TP ? Test Point in Z:\Desktop\Dropbox\My Projects\Embedded Systems\GenericNodeV1\Schematic_GenericNode_1.SchDoc with Test Point from Schlib_Ceresense_4-4.SchLib
Replace Part U ? AT24C512C-SSHD-TCT-ND in Z:\Desktop\Dropbox\My Projects\Embedded Systems\GenericNodeV1\Schematic_GenericNode_1.SchDoc with AT24C512C-SSHD-TCT-ND from Schlib_Ceresense_4-4.SchLib
Replace Part U? CSR1010 in Z:\Desktop\Dropbox\My Projects\Embedded Systems\GenericNodeV1\Schematic_GenericNode_1.SchDoc with CSR1010 from Schlib_Ceresense_4-4.SchLib
Replace Part X ? 32.768kHz in Z:\Desktop\Dropbox\My Projects\Embedded Systems\GenericNodeV1\Schematic_GenericNode_1.SchDoc with 32.768kHz from Schlib_Ceresense_4-4.SchLib
Replace Part X ? 16Mhz in Z:\Desktop\Dropbox\My Projects\Embedded Systems\GenericNodeV1\Schematic_GenericNode_1.SchDoc with 16Mhz from Schlib_Ceresense_4-4.SchLib
