Change Component Designator: Old Designator=C? New Designator=C1
Change Component Designator: Old Designator=C? New Designator=C3
Change Component Designator: Old Designator=C? New Designator=C6
Change Component Designator: Old Designator=C? New Designator=C7
Change Component Designator: Old Designator=C? New Designator=C8
Change Component Designator: Old Designator=C? New Designator=C9
Change Component Designator: Old Designator=C? New Designator=C10
Change Component Designator: Old Designator=C? New Designator=C11
Change Component Designator: Old Designator=C? New Designator=C12
Change Component Designator: Old Designator=C? New Designator=C13
Change Component Designator: Old Designator=C? New Designator=C14
Change Component Designator: Old Designator=C? New Designator=C15
Change Component Designator: Old Designator=C? New Designator=C17
Change Component Designator: Old Designator=C? New Designator=C18
Change Component Designator: Old Designator=C? New Designator=C19
Change Component Designator: Old Designator=J ? New Designator=J 1
Change Component Designator: Old Designator=L? New Designator=L2
Change Component Designator: Old Designator=R ? New Designator=R 1
Change Component Designator: Old Designator=R ? New Designator=R 2
Change Component Designator: Old Designator=TP ? New Designator=TP 1
Change Component Designator: Old Designator=TP ? New Designator=TP 2
Change Component Designator: Old Designator=TP ? New Designator=TP 3
Change Component Designator: Old Designator=TP ? New Designator=TP 4
Change Component Designator: Old Designator=U ? New Designator=U 1
Change Component Designator: Old Designator=U? New Designator=U1
Change Component Designator: Old Designator=X ? New Designator=X 1
Change Component Designator: Old Designator=X ? New Designator=X 2
