Replace Part C1 C, 0402 in Z:\Desktop\Dropbox\My Projects\Embedded Systems\GenericNodeV1\Schematic_GenericNode_1.SchDoc with C, 0402 from Schlib_GenericNode_1.SchLib
Replace Part C2 C, 0805 in Z:\Desktop\Dropbox\My Projects\Embedded Systems\GenericNodeV1\Schematic_GenericNode_1.SchDoc with C, 0805 from Schlib_GenericNode_1.SchLib
Replace Part C3 C, 0402 in Z:\Desktop\Dropbox\My Projects\Embedded Systems\GenericNodeV1\Schematic_GenericNode_1.SchDoc with C, 0402 from Schlib_GenericNode_1.SchLib
Replace Part C4 C, 0402 in Z:\Desktop\Dropbox\My Projects\Embedded Systems\GenericNodeV1\Schematic_GenericNode_1.SchDoc with C, 0402 from Schlib_GenericNode_1.SchLib
Replace Part C5 C, 0402 in Z:\Desktop\Dropbox\My Projects\Embedded Systems\GenericNodeV1\Schematic_GenericNode_1.SchDoc with C, 0402 from Schlib_GenericNode_1.SchLib
Replace Part C6 C, 0402 in Z:\Desktop\Dropbox\My Projects\Embedded Systems\GenericNodeV1\Schematic_GenericNode_1.SchDoc with C, 0402 from Schlib_GenericNode_1.SchLib
Replace Part C7 C, 0402 in Z:\Desktop\Dropbox\My Projects\Embedded Systems\GenericNodeV1\Schematic_GenericNode_1.SchDoc with C, 0402 from Schlib_GenericNode_1.SchLib
Replace Part C8 C, 0402 in Z:\Desktop\Dropbox\My Projects\Embedded Systems\GenericNodeV1\Schematic_GenericNode_1.SchDoc with C, 0402 from Schlib_GenericNode_1.SchLib
Replace Part C9 C, 0402 in Z:\Desktop\Dropbox\My Projects\Embedded Systems\GenericNodeV1\Schematic_GenericNode_1.SchDoc with C, 0402 from Schlib_GenericNode_1.SchLib
Replace Part C10 C, 0402 in Z:\Desktop\Dropbox\My Projects\Embedded Systems\GenericNodeV1\Schematic_GenericNode_1.SchDoc with C, 0402 from Schlib_GenericNode_1.SchLib
Replace Part C11 C, 0402 in Z:\Desktop\Dropbox\My Projects\Embedded Systems\GenericNodeV1\Schematic_GenericNode_1.SchDoc with C, 0402 from Schlib_GenericNode_1.SchLib
Replace Part C12 C, 0402 in Z:\Desktop\Dropbox\My Projects\Embedded Systems\GenericNodeV1\Schematic_GenericNode_1.SchDoc with C, 0402 from Schlib_GenericNode_1.SchLib
Replace Part C13 C, 0402 in Z:\Desktop\Dropbox\My Projects\Embedded Systems\GenericNodeV1\Schematic_GenericNode_1.SchDoc with C, 0402 from Schlib_GenericNode_1.SchLib
Replace Part C14 C, 0402 in Z:\Desktop\Dropbox\My Projects\Embedded Systems\GenericNodeV1\Schematic_GenericNode_1.SchDoc with C, 0402 from Schlib_GenericNode_1.SchLib
Replace Part C15 C, 0402 in Z:\Desktop\Dropbox\My Projects\Embedded Systems\GenericNodeV1\Schematic_GenericNode_1.SchDoc with C, 0402 from Schlib_GenericNode_1.SchLib
Replace Part C16 C, 0805 in Z:\Desktop\Dropbox\My Projects\Embedded Systems\GenericNodeV1\Schematic_GenericNode_1.SchDoc with C, 0805 from Schlib_GenericNode_1.SchLib
Replace Part C17 C, 0402 in Z:\Desktop\Dropbox\My Projects\Embedded Systems\GenericNodeV1\Schematic_GenericNode_1.SchDoc with C, 0402 from Schlib_GenericNode_1.SchLib
Replace Part C18 C, 0402 in Z:\Desktop\Dropbox\My Projects\Embedded Systems\GenericNodeV1\Schematic_GenericNode_1.SchDoc with C, 0402 from Schlib_GenericNode_1.SchLib
Replace Part C19 C, 0402 in Z:\Desktop\Dropbox\My Projects\Embedded Systems\GenericNodeV1\Schematic_GenericNode_1.SchDoc with C, 0402 from Schlib_GenericNode_1.SchLib
Replace Part L1 1210 Ferrite in Z:\Desktop\Dropbox\My Projects\Embedded Systems\GenericNodeV1\Schematic_GenericNode_1.SchDoc with 1210 Ferrite from Schlib_GenericNode_1.SchLib
Replace Part L2 0402, Inductor in Z:\Desktop\Dropbox\My Projects\Embedded Systems\GenericNodeV1\Schematic_GenericNode_1.SchDoc with 0402, Inductor from Schlib_GenericNode_1.SchLib
Replace Part L3 MMZ1005Y152C in Z:\Desktop\Dropbox\My Projects\Embedded Systems\GenericNodeV1\Schematic_GenericNode_1.SchDoc with MMZ1005Y152C from Schlib_GenericNode_1.SchLib
Replace Part R 1 R, 0402 in Z:\Desktop\Dropbox\My Projects\Embedded Systems\GenericNodeV1\Schematic_GenericNode_1.SchDoc with R, 0402 from Schlib_GenericNode_1.SchLib
Replace Part R 2 R, 0402 in Z:\Desktop\Dropbox\My Projects\Embedded Systems\GenericNodeV1\Schematic_GenericNode_1.SchDoc with R, 0402 from Schlib_GenericNode_1.SchLib
Replace Part X 2 16Mhz in Z:\Desktop\Dropbox\My Projects\Embedded Systems\GenericNodeV1\Schematic_GenericNode_1.SchDoc with 16Mhz from Schlib_GenericNode_1.SchLib
